-- The C compiler identification is GNU 11.4.0
-- The CXX compiler identification is GNU 11.4.0
-- Detecting C compiler ABI info
-- Detecting C compiler ABI info - done
-- Check for working C compiler: /usr/bin/cc - skipped
-- Detecting C compile features
-- Detecting C compile features - done
-- Detecting CXX compiler ABI info
-- Detecting CXX compiler ABI info - done
-- Check for working CXX compiler: /usr/bin/c++ - skipped
-- Detecting CXX compile features
-- Detecting CXX compile features - done
-- Found ament_cmake: 1.3.10 (/opt/ros/humble/share/ament_cmake/cmake)
-- Found Python3: /usr/bin/python3 (found version "3.10.12") found components: Interpreter 
-- Override CMake install command with custom implementation using symlinks instead of copying resources
-- Found rclcpp: 16.0.10 (/opt/ros/humble/share/rclcpp/cmake)
-- Found rosidl_generator_c: 3.1.5 (/opt/ros/humble/share/rosidl_generator_c/cmake)
-- Found rosidl_adapter: 3.1.5 (/opt/ros/humble/share/rosidl_adapter/cmake)
-- Found rosidl_generator_cpp: 3.1.5 (/opt/ros/humble/share/rosidl_generator_cpp/cmake)
-- Using all available rosidl_typesupport_c: rosidl_typesupport_fastrtps_c;rosidl_typesupport_introspection_c
-- Using all available rosidl_typesupport_cpp: rosidl_typesupport_fastrtps_cpp;rosidl_typesupport_introspection_cpp
-- Found rmw_implementation_cmake: 6.1.2 (/opt/ros/humble/share/rmw_implementation_cmake/cmake)
-- Found rmw_fastrtps_cpp: 6.2.7 (/opt/ros/humble/share/rmw_fastrtps_cpp/cmake)
-- Found OpenSSL: /usr/lib/x86_64-linux-gnu/libcrypto.so (found version "3.0.2")  
-- Found FastRTPS: /opt/ros/humble/include  
-- Using RMW implementation 'rmw_fastrtps_cpp' as default
-- Looking for pthread.h
-- Looking for pthread.h - found
-- Performing Test CMAKE_HAVE_LIBC_PTHREAD
-- Performing Test CMAKE_HAVE_LIBC_PTHREAD - Success
-- Found Threads: TRUE  
-- Found sensor_msgs: 4.2.4 (/opt/ros/humble/share/sensor_msgs/cmake)
-- Found OpenCV: /usr/local (found version "4.10.0") 
-- Found nav_msgs: 4.2.4 (/opt/ros/humble/share/nav_msgs/cmake)
-- Found ament_lint_auto: 0.12.11 (/opt/ros/humble/share/ament_lint_auto/cmake)
-- Added test 'cppcheck' to perform static code analysis on C / C++ code
-- Configured cppcheck include dirs: $<BUILD_INTERFACE:/home/arhma/ros2_ws/src/sprint2_pkg/include>
-- Configured cppcheck exclude dirs and/or files: 
-- Added test 'lint_cmake' to check CMake code style
-- Added test 'uncrustify' to check C / C++ code style
-- Configured uncrustify additional arguments: 
-- Added test 'xmllint' to check XML markup files
-- Configuring done
-- Generating done
-- Build files have been written to: /home/arhma/ros2_ws/src/sprint2_pkg/build/sprint2_pkg
[ 50%] [32mBuilding CXX object CMakeFiles/sprint2_node.dir/src/sprint2_node.cpp.o[0m
[100%] [32m[1mLinking CXX executable sprint2_node[0m
[100%] Built target sprint2_node
-- Install configuration: ""
-- Execute custom install script
-- Symlinking: /home/arhma/ros2_ws/src/sprint2_pkg/install/sprint2_pkg/lib/sprint2_pkg/sprint2_node
-- Symlinking: /home/arhma/ros2_ws/src/sprint2_pkg/install/sprint2_pkg/share/ament_index/resource_index/package_run_dependencies/sprint2_pkg
-- Symlinking: /home/arhma/ros2_ws/src/sprint2_pkg/install/sprint2_pkg/share/ament_index/resource_index/parent_prefix_path/sprint2_pkg
-- Symlinking: /home/arhma/ros2_ws/src/sprint2_pkg/install/sprint2_pkg/share/sprint2_pkg/environment/ament_prefix_path.sh
-- Symlinking: /home/arhma/ros2_ws/src/sprint2_pkg/install/sprint2_pkg/share/sprint2_pkg/environment/ament_prefix_path.dsv
-- Symlinking: /home/arhma/ros2_ws/src/sprint2_pkg/install/sprint2_pkg/share/sprint2_pkg/environment/path.sh
-- Symlinking: /home/arhma/ros2_ws/src/sprint2_pkg/install/sprint2_pkg/share/sprint2_pkg/environment/path.dsv
-- Symlinking: /home/arhma/ros2_ws/src/sprint2_pkg/install/sprint2_pkg/share/sprint2_pkg/local_setup.bash
-- Symlinking: /home/arhma/ros2_ws/src/sprint2_pkg/install/sprint2_pkg/share/sprint2_pkg/local_setup.sh
-- Symlinking: /home/arhma/ros2_ws/src/sprint2_pkg/install/sprint2_pkg/share/sprint2_pkg/local_setup.zsh
-- Symlinking: /home/arhma/ros2_ws/src/sprint2_pkg/install/sprint2_pkg/share/sprint2_pkg/local_setup.dsv
-- Symlinking: /home/arhma/ros2_ws/src/sprint2_pkg/install/sprint2_pkg/share/sprint2_pkg/package.dsv
-- Symlinking: /home/arhma/ros2_ws/src/sprint2_pkg/install/sprint2_pkg/share/ament_index/resource_index/packages/sprint2_pkg
-- Symlinking: /home/arhma/ros2_ws/src/sprint2_pkg/install/sprint2_pkg/share/sprint2_pkg/cmake/sprint2_pkgConfig.cmake
-- Symlinking: /home/arhma/ros2_ws/src/sprint2_pkg/install/sprint2_pkg/share/sprint2_pkg/cmake/sprint2_pkgConfig-version.cmake
-- Symlinking: /home/arhma/ros2_ws/src/sprint2_pkg/install/sprint2_pkg/share/sprint2_pkg/package.xml
